{
  "stats": {
    "suites": 3,
    "tests": 9,
    "passes": 9,
    "pending": 0,
    "failures": 0,
    "start": "2023-02-11T15:32:13.017Z",
    "end": "2023-02-11T15:32:21.878Z",
    "duration": 8861,
    "testsRegistered": 9,
    "passPercent": 100,
    "pendingPercent": 0,
    "other": 0,
    "hasOther": false,
    "skipped": 0,
    "hasSkipped": false
  },
  "results": [
    {
      "uuid": "9d005300-b97a-4da7-8a81-5369b77a3cdc",
      "title": "",
      "fullFile": "",
      "file": "",
      "beforeHooks": [],
      "afterHooks": [],
      "tests": [],
      "suites": [
        {
          "uuid": "95959b58-fef6-4a4e-8fcd-4b7ba5879187",
          "title": "createbook",
          "fullFile": "/Users/musadarahmah/learn/nestlastproject-musada/test/scenario/createbook.test.js",
          "file": "/test/scenario/createbook.test.js",
          "beforeHooks": [],
          "afterHooks": [],
          "tests": [
            {
              "title": "Successfull create booking",
              "fullTitle": "createbook Successfull create booking",
              "timedOut": false,
              "duration": 1123,
              "state": "passed",
              "speed": "slow",
              "pass": true,
              "fail": false,
              "pending": false,
              "context": null,
              "code": "const response = await bookerApi.createBook(data.VALID_BOOKCREATE);\nassert.equal(response.status, 200)",
              "err": {},
              "uuid": "d93664d8-a8a6-40be-bfda-8967a489f6a5",
              "parentUUID": "95959b58-fef6-4a4e-8fcd-4b7ba5879187",
              "isHook": false,
              "skipped": false
            },
            {
              "title": "Name must be string",
              "fullTitle": "createbook Name must be string",
              "timedOut": false,
              "duration": 1056,
              "state": "passed",
              "speed": "slow",
              "pass": true,
              "fail": false,
              "pending": false,
              "context": null,
              "code": "let nama = data.INVALIDSTRING_BOOKCREATE.firstname;\n const response = await bookerApi.createBook(data.INVALIDSTRING_BOOKCREATE.string);\n assert.isNotString(nama, \"Name must be string\")",
              "err": {},
              "uuid": "b036300c-b849-4db4-9b10-995ba5186212",
              "parentUUID": "95959b58-fef6-4a4e-8fcd-4b7ba5879187",
              "isHook": false,
              "skipped": false
            },
            {
              "title": "Integer must be number",
              "fullTitle": "createbook Integer must be number",
              "timedOut": false,
              "duration": 1062,
              "state": "passed",
              "speed": "slow",
              "pass": true,
              "fail": false,
              "pending": false,
              "context": null,
              "code": "let price = data.INVALIDNUMBER_BOOKCREATE.totalprice;\n const response = await bookerApi.createBook(data.INVALIDNUMBER_BOOKCREATE);\n assert.isNotNumber(price, \"Total Price must be number\")",
              "err": {},
              "uuid": "c32bb680-1e14-4e90-a1ee-e3fef49a0926",
              "parentUUID": "95959b58-fef6-4a4e-8fcd-4b7ba5879187",
              "isHook": false,
              "skipped": false
            },
            {
              "title": "Date format must be true",
              "fullTitle": "createbook Date format must be true",
              "timedOut": false,
              "duration": 797,
              "state": "passed",
              "speed": "slow",
              "pass": true,
              "fail": false,
              "pending": false,
              "context": null,
              "code": "let date = data.INVALIDSTRING_BOOKCREATE.bookingdates;\n const response = await bookerApi.createBook(data.INVALIDDATE_BOOKCREATE);",
              "err": {},
              "uuid": "e4333032-0935-4507-af03-d3c730f18ce9",
              "parentUUID": "95959b58-fef6-4a4e-8fcd-4b7ba5879187",
              "isHook": false,
              "skipped": false
            },
            {
              "title": "Boolean must be true or false not \"true\" or \"false\" ",
              "fullTitle": "createbook Boolean must be true or false not \"true\" or \"false\" ",
              "timedOut": false,
              "duration": 800,
              "state": "passed",
              "speed": "slow",
              "pass": true,
              "fail": false,
              "pending": false,
              "context": null,
              "code": "let deposit = data.INVALIDSTRING_BOOKCREATE.depositpaid;\n const response = await bookerApi.createBook(data.INVALIDBOOLEAN_BOOKCREATE);\n assert.isBoolean(deposit, \"Deposit must be true or false\")",
              "err": {},
              "uuid": "d7ea3a2a-1f78-4e61-a6d1-5dec882da196",
              "parentUUID": "95959b58-fef6-4a4e-8fcd-4b7ba5879187",
              "isHook": false,
              "skipped": false
            }
          ],
          "suites": [],
          "passes": [
            "d93664d8-a8a6-40be-bfda-8967a489f6a5",
            "b036300c-b849-4db4-9b10-995ba5186212",
            "c32bb680-1e14-4e90-a1ee-e3fef49a0926",
            "e4333032-0935-4507-af03-d3c730f18ce9",
            "d7ea3a2a-1f78-4e61-a6d1-5dec882da196"
          ],
          "failures": [],
          "pending": [],
          "skipped": [],
          "duration": 4838,
          "root": false,
          "rootEmpty": false,
          "_timeout": 2000
        },
        {
          "uuid": "b063cad6-bd11-4260-9034-65d9278ef58e",
          "title": "getdetailbook",
          "fullFile": "/Users/musadarahmah/learn/nestlastproject-musada/test/scenario/getdetail.test.js",
          "file": "/test/scenario/getdetail.test.js",
          "beforeHooks": [],
          "afterHooks": [],
          "tests": [
            {
              "title": "Successfull Get detail booking by id",
              "fullTitle": "getdetailbook Successfull Get detail booking by id",
              "timedOut": false,
              "duration": 805,
              "state": "passed",
              "speed": "slow",
              "pass": true,
              "fail": false,
              "pending": false,
              "context": null,
              "code": "let param = data.VALID_DETAIL_BOOK.id;\nconst response = await bookerApi.getDetailBook(param);\nassert.equal(response.status, 200)",
              "err": {},
              "uuid": "0a13a9ae-e551-471f-81ca-bf1351ed3fb6",
              "parentUUID": "b063cad6-bd11-4260-9034-65d9278ef58e",
              "isHook": false,
              "skipped": false
            },
            {
              "title": "Failed Get detail booking by id use string",
              "fullTitle": "getdetailbook Failed Get detail booking by id use string",
              "timedOut": false,
              "duration": 786,
              "state": "passed",
              "speed": "slow",
              "pass": true,
              "fail": false,
              "pending": false,
              "context": null,
              "code": "let param = data.INVALID_DETAIL_IDSTRING.id;\nconst response = await bookerApi.getDetailBook(param);\n    \nassert.equal(response.status, 404)",
              "err": {},
              "uuid": "a2842e06-f5d0-40d4-baa2-61b9d87185e5",
              "parentUUID": "b063cad6-bd11-4260-9034-65d9278ef58e",
              "isHook": false,
              "skipped": false
            },
            {
              "title": "Failed Get detail booking by id use string",
              "fullTitle": "getdetailbook Failed Get detail booking by id use string",
              "timedOut": false,
              "duration": 788,
              "state": "passed",
              "speed": "slow",
              "pass": true,
              "fail": false,
              "pending": false,
              "context": null,
              "code": "let param = data.INVALID_DETAIL_IDBOOLEAN.id;\nconst response = await bookerApi.getDetailBook(param);\n    \nassert.equal(response.status, 404)",
              "err": {},
              "uuid": "944af861-6a3e-4274-85ef-0909e344bd5d",
              "parentUUID": "b063cad6-bd11-4260-9034-65d9278ef58e",
              "isHook": false,
              "skipped": false
            }
          ],
          "suites": [],
          "passes": [
            "0a13a9ae-e551-471f-81ca-bf1351ed3fb6",
            "a2842e06-f5d0-40d4-baa2-61b9d87185e5",
            "944af861-6a3e-4274-85ef-0909e344bd5d"
          ],
          "failures": [],
          "pending": [],
          "skipped": [],
          "duration": 2379,
          "root": false,
          "rootEmpty": false,
          "_timeout": 2000
        },
        {
          "uuid": "6db8cd0f-ea03-4953-8524-0e5df4451c4b",
          "title": "getlistbook",
          "fullFile": "/Users/musadarahmah/learn/nestlastproject-musada/test/scenario/getlistbook.test.js",
          "file": "/test/scenario/getlistbook.test.js",
          "beforeHooks": [],
          "afterHooks": [],
          "tests": [
            {
              "title": "Successfull get list booking",
              "fullTitle": "getlistbook Successfull get list booking",
              "timedOut": false,
              "duration": 1623,
              "state": "passed",
              "speed": "slow",
              "pass": true,
              "fail": false,
              "pending": false,
              "context": null,
              "code": "const response = await bookerApi.getListBook();\nassert.equal(response.status, 200)",
              "err": {},
              "uuid": "2b7cc853-727f-489d-b38c-43de4f353284",
              "parentUUID": "6db8cd0f-ea03-4953-8524-0e5df4451c4b",
              "isHook": false,
              "skipped": false
            }
          ],
          "suites": [],
          "passes": [
            "2b7cc853-727f-489d-b38c-43de4f353284"
          ],
          "failures": [],
          "pending": [],
          "skipped": [],
          "duration": 1623,
          "root": false,
          "rootEmpty": false,
          "_timeout": 2000
        }
      ],
      "passes": [],
      "failures": [],
      "pending": [],
      "skipped": [],
      "duration": 0,
      "root": true,
      "rootEmpty": true,
      "_timeout": 2000
    }
  ],
  "meta": {
    "mocha": {
      "version": "10.2.0"
    },
    "mochawesome": {
      "options": {
        "quiet": false,
        "reportFilename": "mochawesome",
        "saveHtml": true,
        "saveJson": true,
        "consoleReporter": "spec",
        "useInlineDiffs": false,
        "code": true
      },
      "version": "7.1.3"
    },
    "marge": {
      "options": {
        "reportDir": "report"
      },
      "version": "6.2.0"
    }
  }
}