{
  "stats": {
    "suites": 4,
    "tests": 12,
    "passes": 11,
    "pending": 0,
    "failures": 1,
    "start": "2023-02-13T12:29:24.700Z",
    "end": "2023-02-13T12:29:35.970Z",
    "duration": 11270,
    "testsRegistered": 12,
    "passPercent": 91.66666666666666,
    "pendingPercent": 0,
    "other": 0,
    "hasOther": false,
    "skipped": 0,
    "hasSkipped": false
  },
  "results": [
    {
      "uuid": "139aa717-5c6a-4fff-a5f7-dc4a32e709a7",
      "title": "",
      "fullFile": "",
      "file": "",
      "beforeHooks": [],
      "afterHooks": [],
      "tests": [],
      "suites": [
        {
          "uuid": "50dca724-7abf-478c-b1c5-52ec3dff8061",
          "title": "createbook",
          "fullFile": "/Users/musadarahmah/learn/nestlastproject-musada/test/scenario/createbook.test.js",
          "file": "/test/scenario/createbook.test.js",
          "beforeHooks": [],
          "afterHooks": [],
          "tests": [
            {
              "title": "Successfull create booking",
              "fullTitle": "createbook Successfull create booking",
              "timedOut": false,
              "duration": 1134,
              "state": "passed",
              "speed": "slow",
              "pass": true,
              "fail": false,
              "pending": false,
              "context": null,
              "code": "const response = await bookerApi.createBook(data.VALID_BOOKCREATE);\nassert.equal(response.status, 200)",
              "err": {},
              "uuid": "07353070-07c9-4ae0-8602-6ff1db4d0c37",
              "parentUUID": "50dca724-7abf-478c-b1c5-52ec3dff8061",
              "isHook": false,
              "skipped": false
            },
            {
              "title": "Name must be string",
              "fullTitle": "createbook Name must be string",
              "timedOut": false,
              "duration": 1039,
              "state": "passed",
              "speed": "slow",
              "pass": true,
              "fail": false,
              "pending": false,
              "context": null,
              "code": "let nama = data.INVALIDSTRING_BOOKCREATE.firstname;\n const response = await bookerApi.createBook(data.INVALIDSTRING_BOOKCREATE.string);\n assert.isNotString(nama, \"Name must be string\")",
              "err": {},
              "uuid": "cb8d127f-c842-4c6a-a333-09e4904356e9",
              "parentUUID": "50dca724-7abf-478c-b1c5-52ec3dff8061",
              "isHook": false,
              "skipped": false
            },
            {
              "title": "Integer must be number",
              "fullTitle": "createbook Integer must be number",
              "timedOut": false,
              "duration": 783,
              "state": "passed",
              "speed": "slow",
              "pass": true,
              "fail": false,
              "pending": false,
              "context": null,
              "code": "let price = data.INVALIDNUMBER_BOOKCREATE.totalprice;\n const response = await bookerApi.createBook(data.INVALIDNUMBER_BOOKCREATE);\n assert.isNotNumber(price, \"Total Price must be number\")",
              "err": {},
              "uuid": "827db29b-78f4-4f97-9a70-6bea50b7e59b",
              "parentUUID": "50dca724-7abf-478c-b1c5-52ec3dff8061",
              "isHook": false,
              "skipped": false
            },
            {
              "title": "Date format must be true",
              "fullTitle": "createbook Date format must be true",
              "timedOut": false,
              "duration": 795,
              "state": "passed",
              "speed": "slow",
              "pass": true,
              "fail": false,
              "pending": false,
              "context": null,
              "code": "let date = data.INVALIDSTRING_BOOKCREATE.bookingdates;\n const response = await bookerApi.createBook(data.INVALIDDATE_BOOKCREATE);",
              "err": {},
              "uuid": "adb0c1d2-e65d-4d6a-93cb-29eb9dcbe87c",
              "parentUUID": "50dca724-7abf-478c-b1c5-52ec3dff8061",
              "isHook": false,
              "skipped": false
            },
            {
              "title": "Boolean must be true or false not \"true\" or \"false\" ",
              "fullTitle": "createbook Boolean must be true or false not \"true\" or \"false\" ",
              "timedOut": false,
              "duration": 1074,
              "state": "passed",
              "speed": "slow",
              "pass": true,
              "fail": false,
              "pending": false,
              "context": null,
              "code": "let deposit = data.INVALIDSTRING_BOOKCREATE.depositpaid;\n const response = await bookerApi.createBook(data.INVALIDBOOLEAN_BOOKCREATE);\n assert.isBoolean(deposit, \"Deposit must be true or false\")",
              "err": {},
              "uuid": "9186af5f-9c10-477b-97dd-2f31fdbddd16",
              "parentUUID": "50dca724-7abf-478c-b1c5-52ec3dff8061",
              "isHook": false,
              "skipped": false
            }
          ],
          "suites": [],
          "passes": [
            "07353070-07c9-4ae0-8602-6ff1db4d0c37",
            "cb8d127f-c842-4c6a-a333-09e4904356e9",
            "827db29b-78f4-4f97-9a70-6bea50b7e59b",
            "adb0c1d2-e65d-4d6a-93cb-29eb9dcbe87c",
            "9186af5f-9c10-477b-97dd-2f31fdbddd16"
          ],
          "failures": [],
          "pending": [],
          "skipped": [],
          "duration": 4825,
          "root": false,
          "rootEmpty": false,
          "_timeout": 2000
        },
        {
          "uuid": "688c6b36-e1d9-4651-b0ca-bf1e09c650da",
          "title": "getdetailbook",
          "fullFile": "/Users/musadarahmah/learn/nestlastproject-musada/test/scenario/getdetail.test.js",
          "file": "/test/scenario/getdetail.test.js",
          "beforeHooks": [],
          "afterHooks": [],
          "tests": [
            {
              "title": "Successfull Get detail booking by id",
              "fullTitle": "getdetailbook Successfull Get detail booking by id",
              "timedOut": false,
              "duration": 808,
              "state": "passed",
              "speed": "slow",
              "pass": true,
              "fail": false,
              "pending": false,
              "context": null,
              "code": "let param = data.VALID_DETAIL_BOOK.id;\nconst response = await bookerApi.getDetailBook(param);\nassert.equal(response.status, 200)",
              "err": {},
              "uuid": "a506d94a-9c4d-4331-882d-29212f7f5114",
              "parentUUID": "688c6b36-e1d9-4651-b0ca-bf1e09c650da",
              "isHook": false,
              "skipped": false
            },
            {
              "title": "Failed Get detail booking by id use string",
              "fullTitle": "getdetailbook Failed Get detail booking by id use string",
              "timedOut": false,
              "duration": 781,
              "state": "passed",
              "speed": "slow",
              "pass": true,
              "fail": false,
              "pending": false,
              "context": null,
              "code": "let param = data.INVALID_DETAIL_IDSTRING.id;\nconst response = await bookerApi.getDetailBook(param);\n    \nassert.equal(response.status, 404)",
              "err": {},
              "uuid": "10921785-06fd-43c7-a6d4-54ae46c8ae1b",
              "parentUUID": "688c6b36-e1d9-4651-b0ca-bf1e09c650da",
              "isHook": false,
              "skipped": false
            },
            {
              "title": "Failed Get detail booking by id use string",
              "fullTitle": "getdetailbook Failed Get detail booking by id use string",
              "timedOut": false,
              "duration": 800,
              "state": "passed",
              "speed": "slow",
              "pass": true,
              "fail": false,
              "pending": false,
              "context": null,
              "code": "let param = data.INVALID_DETAIL_IDBOOLEAN.id;\nconst response = await bookerApi.getDetailBook(param);\n    \nassert.equal(response.status, 404)",
              "err": {},
              "uuid": "fa28cd48-d375-44b5-8611-43b5532f3bb9",
              "parentUUID": "688c6b36-e1d9-4651-b0ca-bf1e09c650da",
              "isHook": false,
              "skipped": false
            }
          ],
          "suites": [],
          "passes": [
            "a506d94a-9c4d-4331-882d-29212f7f5114",
            "10921785-06fd-43c7-a6d4-54ae46c8ae1b",
            "fa28cd48-d375-44b5-8611-43b5532f3bb9"
          ],
          "failures": [],
          "pending": [],
          "skipped": [],
          "duration": 2389,
          "root": false,
          "rootEmpty": false,
          "_timeout": 2000
        },
        {
          "uuid": "25c0511c-2872-4055-bd9f-976df40f890b",
          "title": "getlistbook",
          "fullFile": "/Users/musadarahmah/learn/nestlastproject-musada/test/scenario/getlistbook.test.js",
          "file": "/test/scenario/getlistbook.test.js",
          "beforeHooks": [],
          "afterHooks": [],
          "tests": [
            {
              "title": "Successfull get list booking",
              "fullTitle": "getlistbook Successfull get list booking",
              "timedOut": false,
              "duration": 1646,
              "state": "passed",
              "speed": "slow",
              "pass": true,
              "fail": false,
              "pending": false,
              "context": null,
              "code": "const response = await bookerApi.getListBook();\nassert.equal(response.status, 200)",
              "err": {},
              "uuid": "292f2425-cb35-4621-b6aa-461587ca9c3a",
              "parentUUID": "25c0511c-2872-4055-bd9f-976df40f890b",
              "isHook": false,
              "skipped": false
            }
          ],
          "suites": [],
          "passes": [
            "292f2425-cb35-4621-b6aa-461587ca9c3a"
          ],
          "failures": [],
          "pending": [],
          "skipped": [],
          "duration": 1646,
          "root": false,
          "rootEmpty": false,
          "_timeout": 2000
        },
        {
          "uuid": "69559db4-5676-4c4f-9179-ef590ba889c8",
          "title": "updateBook",
          "fullFile": "/Users/musadarahmah/learn/nestlastproject-musada/test/scenario/updatebook.test.js",
          "file": "/test/scenario/updatebook.test.js",
          "beforeHooks": [],
          "afterHooks": [],
          "tests": [
            {
              "title": "Successfull update booking data in id undefined",
              "fullTitle": "updateBook Successfull update booking data in id undefined",
              "timedOut": false,
              "duration": 795,
              "state": "failed",
              "speed": null,
              "pass": false,
              "fail": true,
              "pending": false,
              "context": null,
              "code": "let param = data.VALID_UPDATE.id;\nconst response = await bookerApi.updateBook(param, data.VALID_UPDATE);\nassert.equal(response.status, 200)",
              "err": {
                "message": "AssertionError: expected 400 to equal 200",
                "estack": "AssertionError: expected 400 to equal 200\n    at Context.<anonymous> (file:///Users/musadarahmah/learn/nestlastproject-musada/test/scenario/updatebook.test.js:11:16)\n    at processTicksAndRejections (node:internal/process/task_queues:96:5)",
                "diff": "- 400\n+ 200\n"
              },
              "uuid": "f4d52861-f123-4c2a-9e9b-31d170680a5b",
              "parentUUID": "69559db4-5676-4c4f-9179-ef590ba889c8",
              "isHook": false,
              "skipped": false
            },
            {
              "title": "Failed update booking data input firstname 1",
              "fullTitle": "updateBook Failed update booking data input firstname 1",
              "timedOut": false,
              "duration": 794,
              "state": "passed",
              "speed": "slow",
              "pass": true,
              "fail": false,
              "pending": false,
              "context": null,
              "code": "let param = data.INVALID_UPDATE_NOSTRING.id;\nconst response = await bookerApi.updateBook(param, data.INVALID_UPDATE_NOSTRING);\nassert.equal(response.status, 400)",
              "err": {},
              "uuid": "2afe4a60-d09d-4568-8f31-0b3710791130",
              "parentUUID": "69559db4-5676-4c4f-9179-ef590ba889c8",
              "isHook": false,
              "skipped": false
            },
            {
              "title": "Failed update booking data input number 1",
              "fullTitle": "updateBook Failed update booking data input number 1",
              "timedOut": false,
              "duration": 800,
              "state": "passed",
              "speed": "slow",
              "pass": true,
              "fail": false,
              "pending": false,
              "context": null,
              "code": "let param = data.INVALID_UPDATE_NONUMBER.id;\nconst response = await bookerApi.updateBook(param, data.INVALID_UPDATE_NONUMBER);\nassert.equal(response.status, 400)",
              "err": {},
              "uuid": "f62bde46-5d09-4d06-aad4-c45ba4aebd02",
              "parentUUID": "69559db4-5676-4c4f-9179-ef590ba889c8",
              "isHook": false,
              "skipped": false
            }
          ],
          "suites": [],
          "passes": [
            "2afe4a60-d09d-4568-8f31-0b3710791130",
            "f62bde46-5d09-4d06-aad4-c45ba4aebd02"
          ],
          "failures": [
            "f4d52861-f123-4c2a-9e9b-31d170680a5b"
          ],
          "pending": [],
          "skipped": [],
          "duration": 2389,
          "root": false,
          "rootEmpty": false,
          "_timeout": 2000
        }
      ],
      "passes": [],
      "failures": [],
      "pending": [],
      "skipped": [],
      "duration": 0,
      "root": true,
      "rootEmpty": true,
      "_timeout": 2000
    }
  ],
  "meta": {
    "mocha": {
      "version": "10.2.0"
    },
    "mochawesome": {
      "options": {
        "quiet": false,
        "reportFilename": "mochawesome",
        "saveHtml": true,
        "saveJson": true,
        "consoleReporter": "spec",
        "useInlineDiffs": false,
        "code": true
      },
      "version": "7.1.3"
    },
    "marge": {
      "options": null,
      "version": "6.2.0"
    }
  }
}