{
  "stats": {
    "suites": 2,
    "tests": 3,
    "passes": 3,
    "pending": 0,
    "failures": 0,
    "start": "2023-02-10T16:18:13.881Z",
    "end": "2023-02-10T16:18:17.738Z",
    "duration": 3857,
    "testsRegistered": 3,
    "passPercent": 100,
    "pendingPercent": 0,
    "other": 0,
    "hasOther": false,
    "skipped": 0,
    "hasSkipped": false
  },
  "results": [
    {
      "uuid": "99d17c1b-d1d9-4054-be84-a037e811beba",
      "title": "",
      "fullFile": "",
      "file": "",
      "beforeHooks": [],
      "afterHooks": [],
      "tests": [],
      "suites": [
        {
          "uuid": "627bc849-1d09-4e3a-b55c-d8c82f1fc979",
          "title": "createbook",
          "fullFile": "/Users/musadarahmah/learn/nestlastproject-musada/test/scenario/createbook.test.js",
          "file": "/test/scenario/createbook.test.js",
          "beforeHooks": [],
          "afterHooks": [],
          "tests": [
            {
              "title": "Successfull create booking",
              "fullTitle": "createbook Successfull create booking",
              "timedOut": false,
              "duration": 1505,
              "state": "passed",
              "speed": "slow",
              "pass": true,
              "fail": false,
              "pending": false,
              "context": null,
              "code": "const response = await bookerApi.createBook(data.VALID_BOOKCREATE);\nassert.equal(response.status, 200)",
              "err": {},
              "uuid": "92032877-6eb7-4192-8896-727fc6aff686",
              "parentUUID": "627bc849-1d09-4e3a-b55c-d8c82f1fc979",
              "isHook": false,
              "skipped": false
            },
            {
              "title": "Name must be string",
              "fullTitle": "createbook Name must be string",
              "timedOut": false,
              "duration": 770,
              "state": "passed",
              "speed": "slow",
              "pass": true,
              "fail": false,
              "pending": false,
              "context": null,
              "code": "const response = await bookerApi.createBook(data.INVALID_BOOKCREATE);\n assert.equal(response.status, 500)",
              "err": {},
              "uuid": "6714fdda-989f-4eb2-a4f0-c43b983a783e",
              "parentUUID": "627bc849-1d09-4e3a-b55c-d8c82f1fc979",
              "isHook": false,
              "skipped": false
            }
          ],
          "suites": [],
          "passes": [
            "92032877-6eb7-4192-8896-727fc6aff686",
            "6714fdda-989f-4eb2-a4f0-c43b983a783e"
          ],
          "failures": [],
          "pending": [],
          "skipped": [],
          "duration": 2275,
          "root": false,
          "rootEmpty": false,
          "_timeout": 2000
        },
        {
          "uuid": "b749bd3b-7a5e-4195-af34-0aa09e542798",
          "title": "getlistbook",
          "fullFile": "/Users/musadarahmah/learn/nestlastproject-musada/test/scenario/getlistbook.test.js",
          "file": "/test/scenario/getlistbook.test.js",
          "beforeHooks": [],
          "afterHooks": [],
          "tests": [
            {
              "title": "Successfull get list booking",
              "fullTitle": "getlistbook Successfull get list booking",
              "timedOut": false,
              "duration": 1576,
              "state": "passed",
              "speed": "slow",
              "pass": true,
              "fail": false,
              "pending": false,
              "context": null,
              "code": "const response = await bookerApi.getListBook();\nassert.equal(response.status, 200)",
              "err": {},
              "uuid": "820fba15-1442-4226-86c0-de503b73870e",
              "parentUUID": "b749bd3b-7a5e-4195-af34-0aa09e542798",
              "isHook": false,
              "skipped": false
            }
          ],
          "suites": [],
          "passes": [
            "820fba15-1442-4226-86c0-de503b73870e"
          ],
          "failures": [],
          "pending": [],
          "skipped": [],
          "duration": 1576,
          "root": false,
          "rootEmpty": false,
          "_timeout": 2000
        }
      ],
      "passes": [],
      "failures": [],
      "pending": [],
      "skipped": [],
      "duration": 0,
      "root": true,
      "rootEmpty": true,
      "_timeout": 2000
    }
  ],
  "meta": {
    "mocha": {
      "version": "10.2.0"
    },
    "mochawesome": {
      "options": {
        "quiet": false,
        "reportFilename": "mochawesome",
        "saveHtml": true,
        "saveJson": true,
        "consoleReporter": "spec",
        "useInlineDiffs": false,
        "code": true
      },
      "version": "7.1.3"
    },
    "marge": {
      "options": null,
      "version": "6.2.0"
    }
  }
}