{
  "stats": {
    "suites": 4,
    "tests": 10,
    "passes": 9,
    "pending": 0,
    "failures": 1,
    "start": "2023-02-11T16:53:55.489Z",
    "end": "2023-02-11T16:54:04.412Z",
    "duration": 8923,
    "testsRegistered": 10,
    "passPercent": 90,
    "pendingPercent": 0,
    "other": 0,
    "hasOther": false,
    "skipped": 0,
    "hasSkipped": false
  },
  "results": [
    {
      "uuid": "3fdd939c-ae73-476c-a410-ab85ee2cac5a",
      "title": "",
      "fullFile": "",
      "file": "",
      "beforeHooks": [],
      "afterHooks": [],
      "tests": [],
      "suites": [
        {
          "uuid": "2a0c8f90-3d17-45da-b8a9-01aeb915fabd",
          "title": "createbook",
          "fullFile": "/Users/musadarahmah/learn/nestlastproject-musada/test/scenario/createbook.test.js",
          "file": "/test/scenario/createbook.test.js",
          "beforeHooks": [],
          "afterHooks": [],
          "tests": [
            {
              "title": "Successfull create booking",
              "fullTitle": "createbook Successfull create booking",
              "timedOut": false,
              "duration": 1142,
              "state": "passed",
              "speed": "slow",
              "pass": true,
              "fail": false,
              "pending": false,
              "context": null,
              "code": "const response = await bookerApi.createBook(data.VALID_BOOKCREATE);\nassert.equal(response.status, 200)",
              "err": {},
              "uuid": "9df8083b-d7ac-4bf6-b1ac-de5506d8a7f3",
              "parentUUID": "2a0c8f90-3d17-45da-b8a9-01aeb915fabd",
              "isHook": false,
              "skipped": false
            },
            {
              "title": "Name must be string",
              "fullTitle": "createbook Name must be string",
              "timedOut": false,
              "duration": 1174,
              "state": "passed",
              "speed": "slow",
              "pass": true,
              "fail": false,
              "pending": false,
              "context": null,
              "code": "let nama = data.INVALIDSTRING_BOOKCREATE.firstname;\n const response = await bookerApi.createBook(data.INVALIDSTRING_BOOKCREATE.string);\n assert.isNotString(nama, \"Name must be string\")",
              "err": {},
              "uuid": "7607bbb1-7175-4faa-a915-5b86e34fb3ad",
              "parentUUID": "2a0c8f90-3d17-45da-b8a9-01aeb915fabd",
              "isHook": false,
              "skipped": false
            },
            {
              "title": "Integer must be number",
              "fullTitle": "createbook Integer must be number",
              "timedOut": false,
              "duration": 795,
              "state": "passed",
              "speed": "slow",
              "pass": true,
              "fail": false,
              "pending": false,
              "context": null,
              "code": "let price = data.INVALIDNUMBER_BOOKCREATE.totalprice;\n const response = await bookerApi.createBook(data.INVALIDNUMBER_BOOKCREATE);\n assert.isNotNumber(price, \"Total Price must be number\")",
              "err": {},
              "uuid": "2f2d4bcd-a5e8-4a3d-9bff-e7aa444340e3",
              "parentUUID": "2a0c8f90-3d17-45da-b8a9-01aeb915fabd",
              "isHook": false,
              "skipped": false
            },
            {
              "title": "Date format must be true",
              "fullTitle": "createbook Date format must be true",
              "timedOut": false,
              "duration": 793,
              "state": "passed",
              "speed": "slow",
              "pass": true,
              "fail": false,
              "pending": false,
              "context": null,
              "code": "let date = data.INVALIDSTRING_BOOKCREATE.bookingdates;\n const response = await bookerApi.createBook(data.INVALIDDATE_BOOKCREATE);",
              "err": {},
              "uuid": "6cdf0cfa-d50b-41e4-9c80-4d7e06a20948",
              "parentUUID": "2a0c8f90-3d17-45da-b8a9-01aeb915fabd",
              "isHook": false,
              "skipped": false
            },
            {
              "title": "Boolean must be true or false not \"true\" or \"false\" ",
              "fullTitle": "createbook Boolean must be true or false not \"true\" or \"false\" ",
              "timedOut": false,
              "duration": 784,
              "state": "passed",
              "speed": "slow",
              "pass": true,
              "fail": false,
              "pending": false,
              "context": null,
              "code": "let deposit = data.INVALIDSTRING_BOOKCREATE.depositpaid;\n const response = await bookerApi.createBook(data.INVALIDBOOLEAN_BOOKCREATE);\n assert.isBoolean(deposit, \"Deposit must be true or false\")",
              "err": {},
              "uuid": "3ba86e3c-f9eb-4cb7-abcf-5d3903af41ec",
              "parentUUID": "2a0c8f90-3d17-45da-b8a9-01aeb915fabd",
              "isHook": false,
              "skipped": false
            }
          ],
          "suites": [],
          "passes": [
            "9df8083b-d7ac-4bf6-b1ac-de5506d8a7f3",
            "7607bbb1-7175-4faa-a915-5b86e34fb3ad",
            "2f2d4bcd-a5e8-4a3d-9bff-e7aa444340e3",
            "6cdf0cfa-d50b-41e4-9c80-4d7e06a20948",
            "3ba86e3c-f9eb-4cb7-abcf-5d3903af41ec"
          ],
          "failures": [],
          "pending": [],
          "skipped": [],
          "duration": 4688,
          "root": false,
          "rootEmpty": false,
          "_timeout": 2000
        },
        {
          "uuid": "96afaa40-3e6e-4458-b752-6fdb73f7d2c1",
          "title": "getdetailbook",
          "fullFile": "/Users/musadarahmah/learn/nestlastproject-musada/test/scenario/getdetail.test.js",
          "file": "/test/scenario/getdetail.test.js",
          "beforeHooks": [],
          "afterHooks": [],
          "tests": [
            {
              "title": "Successfull Get detail booking by id",
              "fullTitle": "getdetailbook Successfull Get detail booking by id",
              "timedOut": false,
              "duration": 755,
              "state": "passed",
              "speed": "slow",
              "pass": true,
              "fail": false,
              "pending": false,
              "context": null,
              "code": "let param = data.VALID_DETAIL_BOOK.id;\nconst response = await bookerApi.getDetailBook(param);\nassert.equal(response.status, 200)",
              "err": {},
              "uuid": "54b5c804-3e1c-483f-be16-7401955da370",
              "parentUUID": "96afaa40-3e6e-4458-b752-6fdb73f7d2c1",
              "isHook": false,
              "skipped": false
            },
            {
              "title": "Failed Get detail booking by id use string",
              "fullTitle": "getdetailbook Failed Get detail booking by id use string",
              "timedOut": false,
              "duration": 802,
              "state": "passed",
              "speed": "slow",
              "pass": true,
              "fail": false,
              "pending": false,
              "context": null,
              "code": "let param = data.INVALID_DETAIL_IDSTRING.id;\nconst response = await bookerApi.getDetailBook(param);\n    \nassert.equal(response.status, 404)",
              "err": {},
              "uuid": "508b84ff-a830-4a19-b11f-fc6a725736cc",
              "parentUUID": "96afaa40-3e6e-4458-b752-6fdb73f7d2c1",
              "isHook": false,
              "skipped": false
            },
            {
              "title": "Failed Get detail booking by id use string",
              "fullTitle": "getdetailbook Failed Get detail booking by id use string",
              "timedOut": false,
              "duration": 794,
              "state": "passed",
              "speed": "slow",
              "pass": true,
              "fail": false,
              "pending": false,
              "context": null,
              "code": "let param = data.INVALID_DETAIL_IDBOOLEAN.id;\nconst response = await bookerApi.getDetailBook(param);\n    \nassert.equal(response.status, 404)",
              "err": {},
              "uuid": "34fd1daa-2634-4999-b3c7-f6ca5b77df15",
              "parentUUID": "96afaa40-3e6e-4458-b752-6fdb73f7d2c1",
              "isHook": false,
              "skipped": false
            }
          ],
          "suites": [],
          "passes": [
            "54b5c804-3e1c-483f-be16-7401955da370",
            "508b84ff-a830-4a19-b11f-fc6a725736cc",
            "34fd1daa-2634-4999-b3c7-f6ca5b77df15"
          ],
          "failures": [],
          "pending": [],
          "skipped": [],
          "duration": 2351,
          "root": false,
          "rootEmpty": false,
          "_timeout": 2000
        },
        {
          "uuid": "fff07bd2-6501-4806-95ba-26cd439d2522",
          "title": "getlistbook",
          "fullFile": "/Users/musadarahmah/learn/nestlastproject-musada/test/scenario/getlistbook.test.js",
          "file": "/test/scenario/getlistbook.test.js",
          "beforeHooks": [],
          "afterHooks": [],
          "tests": [
            {
              "title": "Successfull get list booking",
              "fullTitle": "getlistbook Successfull get list booking",
              "timedOut": false,
              "duration": 1078,
              "state": "passed",
              "speed": "slow",
              "pass": true,
              "fail": false,
              "pending": false,
              "context": null,
              "code": "const response = await bookerApi.getListBook();\nassert.equal(response.status, 200)",
              "err": {},
              "uuid": "9f17615c-6690-4f68-bf5b-d1d3c2755261",
              "parentUUID": "fff07bd2-6501-4806-95ba-26cd439d2522",
              "isHook": false,
              "skipped": false
            }
          ],
          "suites": [],
          "passes": [
            "9f17615c-6690-4f68-bf5b-d1d3c2755261"
          ],
          "failures": [],
          "pending": [],
          "skipped": [],
          "duration": 1078,
          "root": false,
          "rootEmpty": false,
          "_timeout": 2000
        },
        {
          "uuid": "8132d775-3fc4-4ba1-aeb4-7e6f89086c0b",
          "title": "updateBook",
          "fullFile": "/Users/musadarahmah/learn/nestlastproject-musada/test/scenario/updatebook.test.js",
          "file": "/test/scenario/updatebook.test.js",
          "beforeHooks": [],
          "afterHooks": [],
          "tests": [
            {
              "title": "Successfull update booking data in id 1",
              "fullTitle": "updateBook Successfull update booking data in id 1",
              "timedOut": false,
              "duration": 785,
              "state": "failed",
              "speed": null,
              "pass": false,
              "fail": true,
              "pending": false,
              "context": null,
              "code": "let param = data.VALID_UPDATE.id;\nconst response = await bookerApi.updateBook(data.VALID_UPDATE);\nassert.equal(response.status, 200)",
              "err": {
                "message": "AssertionError: expected 403 to equal 200",
                "estack": "AssertionError: expected 403 to equal 200\n    at Context.<anonymous> (file:///Users/musadarahmah/learn/nestlastproject-musada/test/scenario/updatebook.test.js:11:16)\n    at processTicksAndRejections (node:internal/process/task_queues:96:5)",
                "diff": "- 403\n+ 200\n"
              },
              "uuid": "e482098d-737a-4cd2-9df9-04b5e536e2c5",
              "parentUUID": "8132d775-3fc4-4ba1-aeb4-7e6f89086c0b",
              "isHook": false,
              "skipped": false
            }
          ],
          "suites": [],
          "passes": [],
          "failures": [
            "e482098d-737a-4cd2-9df9-04b5e536e2c5"
          ],
          "pending": [],
          "skipped": [],
          "duration": 785,
          "root": false,
          "rootEmpty": false,
          "_timeout": 2000
        }
      ],
      "passes": [],
      "failures": [],
      "pending": [],
      "skipped": [],
      "duration": 0,
      "root": true,
      "rootEmpty": true,
      "_timeout": 2000
    }
  ],
  "meta": {
    "mocha": {
      "version": "10.2.0"
    },
    "mochawesome": {
      "options": {
        "quiet": false,
        "reportFilename": "mochawesome",
        "saveHtml": true,
        "saveJson": true,
        "consoleReporter": "spec",
        "useInlineDiffs": false,
        "code": true
      },
      "version": "7.1.3"
    },
    "marge": {
      "options": null,
      "version": "6.2.0"
    }
  }
}