{
  "stats": {
    "suites": 2,
    "tests": 6,
    "passes": 2,
    "pending": 0,
    "failures": 4,
    "start": "2023-02-10T17:12:39.866Z",
    "end": "2023-02-10T17:12:47.132Z",
    "duration": 7266,
    "testsRegistered": 6,
    "passPercent": 33.33333333333333,
    "pendingPercent": 0,
    "other": 0,
    "hasOther": false,
    "skipped": 0,
    "hasSkipped": false
  },
  "results": [
    {
      "uuid": "27fc72ac-2118-4fcb-a0e9-6ce1a89cf99b",
      "title": "",
      "fullFile": "",
      "file": "",
      "beforeHooks": [],
      "afterHooks": [],
      "tests": [],
      "suites": [
        {
          "uuid": "d6694506-d4f5-4e1c-8b9c-37bc9af2d572",
          "title": "createbook",
          "fullFile": "/Users/musadarahmah/learn/nestlastproject-musada/test/scenario/createbook.test.js",
          "file": "/test/scenario/createbook.test.js",
          "beforeHooks": [],
          "afterHooks": [],
          "tests": [
            {
              "title": "Successfull create booking",
              "fullTitle": "createbook Successfull create booking",
              "timedOut": false,
              "duration": 1378,
              "state": "passed",
              "speed": "slow",
              "pass": true,
              "fail": false,
              "pending": false,
              "context": null,
              "code": "const response = await bookerApi.createBook(data.VALID_BOOKCREATE);\nassert.equal(response.status, 200)",
              "err": {},
              "uuid": "03e13f53-dcbb-4e3f-a637-e1f471168394",
              "parentUUID": "d6694506-d4f5-4e1c-8b9c-37bc9af2d572",
              "isHook": false,
              "skipped": false
            },
            {
              "title": "Name must be string",
              "fullTitle": "createbook Name must be string",
              "timedOut": false,
              "duration": 1069,
              "state": "passed",
              "speed": "slow",
              "pass": true,
              "fail": false,
              "pending": false,
              "context": null,
              "code": "const response = await bookerApi.createBook(data.INVALIDSTRING_BOOKCREATE);\n assert.equal(response.status, 500)",
              "err": {},
              "uuid": "7d83b2eb-2288-4dc0-be75-a0913a4eec11",
              "parentUUID": "d6694506-d4f5-4e1c-8b9c-37bc9af2d572",
              "isHook": false,
              "skipped": false
            },
            {
              "title": "Integer must be number",
              "fullTitle": "createbook Integer must be number",
              "timedOut": false,
              "duration": 1135,
              "state": "failed",
              "speed": null,
              "pass": false,
              "fail": true,
              "pending": false,
              "context": null,
              "code": "const response = await bookerApi.createBook(data.INVALIDNUMBER_BOOKCREATE);\n assert.equal(response.status, 500)",
              "err": {
                "message": "AssertionError: expected 200 to equal 500",
                "estack": "AssertionError: expected 200 to equal 500\n    at Context.<anonymous> (file:///Users/musadarahmah/learn/nestlastproject-musada/test/scenario/createbook.test.js:24:16)\n    at processTicksAndRejections (node:internal/process/task_queues:96:5)",
                "diff": "- 200\n+ 500\n"
              },
              "uuid": "3ae8f69a-22e4-4efd-9b53-39c58985b545",
              "parentUUID": "d6694506-d4f5-4e1c-8b9c-37bc9af2d572",
              "isHook": false,
              "skipped": false
            },
            {
              "title": "Date format must be true",
              "fullTitle": "createbook Date format must be true",
              "timedOut": false,
              "duration": 859,
              "state": "failed",
              "speed": null,
              "pass": false,
              "fail": true,
              "pending": false,
              "context": null,
              "code": "const response = await bookerApi.createBook(data.INVALIDDATE_BOOKCREATE);\n assert.equal(response.status, 500)",
              "err": {
                "message": "AssertionError: expected 200 to equal 500",
                "estack": "AssertionError: expected 200 to equal 500\n    at Context.<anonymous> (file:///Users/musadarahmah/learn/nestlastproject-musada/test/scenario/createbook.test.js:32:16)\n    at processTicksAndRejections (node:internal/process/task_queues:96:5)",
                "diff": "- 200\n+ 500\n"
              },
              "uuid": "f2bf13e2-9d7f-44d8-907c-e03e87f92eed",
              "parentUUID": "d6694506-d4f5-4e1c-8b9c-37bc9af2d572",
              "isHook": false,
              "skipped": false
            },
            {
              "title": "Boolean must be true or false not \"true\" or \"false\" ",
              "fullTitle": "createbook Boolean must be true or false not \"true\" or \"false\" ",
              "timedOut": false,
              "duration": 807,
              "state": "failed",
              "speed": null,
              "pass": false,
              "fail": true,
              "pending": false,
              "context": null,
              "code": "const response = await bookerApi.createBook(data.INVALIDBOOLEAN_BOOKCREATE);\n assert.equal(response.status, 500)",
              "err": {
                "message": "AssertionError: expected 200 to equal 500",
                "estack": "AssertionError: expected 200 to equal 500\n    at Context.<anonymous> (file:///Users/musadarahmah/learn/nestlastproject-musada/test/scenario/createbook.test.js:40:16)\n    at processTicksAndRejections (node:internal/process/task_queues:96:5)",
                "diff": "- 200\n+ 500\n"
              },
              "uuid": "c8aa4bc4-4283-4635-84f6-bf6386ec8eee",
              "parentUUID": "d6694506-d4f5-4e1c-8b9c-37bc9af2d572",
              "isHook": false,
              "skipped": false
            }
          ],
          "suites": [],
          "passes": [
            "03e13f53-dcbb-4e3f-a637-e1f471168394",
            "7d83b2eb-2288-4dc0-be75-a0913a4eec11"
          ],
          "failures": [
            "3ae8f69a-22e4-4efd-9b53-39c58985b545",
            "f2bf13e2-9d7f-44d8-907c-e03e87f92eed",
            "c8aa4bc4-4283-4635-84f6-bf6386ec8eee"
          ],
          "pending": [],
          "skipped": [],
          "duration": 5248,
          "root": false,
          "rootEmpty": false,
          "_timeout": 2000
        },
        {
          "uuid": "04d507d4-96c7-4510-afbf-5d359e5650ff",
          "title": "getlistbook",
          "fullFile": "/Users/musadarahmah/learn/nestlastproject-musada/test/scenario/getlistbook.test.js",
          "file": "/test/scenario/getlistbook.test.js",
          "beforeHooks": [],
          "afterHooks": [],
          "tests": [
            {
              "title": "Successfull get list booking",
              "fullTitle": "getlistbook Successfull get list booking",
              "timedOut": true,
              "duration": 2003,
              "state": "failed",
              "speed": null,
              "pass": false,
              "fail": true,
              "pending": false,
              "context": null,
              "code": "const response = await bookerApi.getListBook();\nassert.equal(response.status, 200)",
              "err": {
                "message": "Error: Timeout of 2000ms exceeded. For async tests and hooks, ensure \"done()\" is called; if returning a Promise, ensure it resolves. (/Users/musadarahmah/learn/nestlastproject-musada/test/scenario/getlistbook.test.js)",
                "estack": "Error: Timeout of 2000ms exceeded. For async tests and hooks, ensure \"done()\" is called; if returning a Promise, ensure it resolves. (/Users/musadarahmah/learn/nestlastproject-musada/test/scenario/getlistbook.test.js)\n    at listOnTimeout (node:internal/timers:559:17)\n    at processTimers (node:internal/timers:502:7)",
                "diff": null
              },
              "uuid": "fcb1275c-586a-441c-9d39-c686da02fa2c",
              "parentUUID": "04d507d4-96c7-4510-afbf-5d359e5650ff",
              "isHook": false,
              "skipped": false
            }
          ],
          "suites": [],
          "passes": [],
          "failures": [
            "fcb1275c-586a-441c-9d39-c686da02fa2c"
          ],
          "pending": [],
          "skipped": [],
          "duration": 2003,
          "root": false,
          "rootEmpty": false,
          "_timeout": 2000
        }
      ],
      "passes": [],
      "failures": [],
      "pending": [],
      "skipped": [],
      "duration": 0,
      "root": true,
      "rootEmpty": true,
      "_timeout": 2000
    }
  ],
  "meta": {
    "mocha": {
      "version": "10.2.0"
    },
    "mochawesome": {
      "options": {
        "quiet": false,
        "reportFilename": "mochawesome",
        "saveHtml": true,
        "saveJson": true,
        "consoleReporter": "spec",
        "useInlineDiffs": false,
        "code": true
      },
      "version": "7.1.3"
    },
    "marge": {
      "options": null,
      "version": "6.2.0"
    }
  }
}